<?xml version="1.0" encoding="UTF-8"?>
<testsuite name="com.group.laxyapp.controller.post.PostControllerTest" tests="1" skipped="0" failures="0" errors="0" timestamp="2024-08-13T12:30:39" hostname="DESKTOP-9HFMQ6Q" time="0.066">
  <properties/>
  <testcase name="게시글 제목이 공백이라면 예외 처리" classname="com.group.laxyapp.controller.post.PostControllerTest" time="0.066"/>
  <system-out><![CDATA[]]></system-out>
  <system-err><![CDATA[]]></system-err>
</testsuite>
